# JRE version: Java(TM) SE Runtime Environment (8.0_181-b13) (build 1.8.0_181-b13)
# Java VM: Java HotSpot(TM) 64-Bit Server VM (25.181-b13 mixed mode windows-amd64 compressed oops)
Heap:
 PSYoungGen      total 37888K, used 5495K [0x00000000d6380000, 0x00000000d9c80000, 0x0000000100000000)
  eden space 32768K, 5% used [0x00000000d6380000,0x00000000d6562590,0x00000000d8380000)
  from space 5120K, 69% used [0x00000000d8880000,0x00000000d8bfb798,0x00000000d8d80000)
  to   space 5120K, 0% used [0x00000000d8380000,0x00000000d8380000,0x00000000d8880000)
 ParOldGen       total 36864K, used 3758K [0x0000000082a00000, 0x0000000084e00000, 0x00000000d6380000)
  object space 36864K, 10% used [0x0000000082a00000,0x0000000082dab850,0x0000000084e00000)
 Metaspace       used 10722K, capacity 10932K, committed 11136K, reserved 1060864K
  class space    used 1336K, capacity 1374K, committed 1408K, reserved 1048576K
GC Heap History (6 events):
Event: 1.812 GC heap before
{Heap before GC invocations=1 (full 0):
 PSYoungGen      total 37888K, used 25866K [0x00000000d6380000, 0x00000000d8d80000, 0x0000000100000000)
  eden space 32768K, 78% used [0x00000000d6380000,0x00000000d7cc2a20,0x00000000d8380000)
  from space 5120K, 0% used [0x00000000d8880000,0x00000000d8880000,0x00000000d8d80000)
  to   space 5120K, 0% used [0x00000000d8380000,0x00000000d8380000,0x00000000d8880000)
 ParOldGen       total 86016K, used 0K [0x0000000082a00000, 0x0000000087e00000, 0x00000000d6380000)
  object space 86016K, 0% used [0x0000000082a00000,0x0000000082a00000,0x0000000087e00000)
 Metaspace       used 7148K, capacity 7262K, committed 7296K, reserved 1060864K
  class space    used 851K, capacity 885K, committed 896K, reserved 1048576K
Event: 1.817 GC heap after
Heap after GC invocations=1 (full 0):
 PSYoungGen      total 37888K, used 4060K [0x00000000d6380000, 0x00000000d8d80000, 0x0000000100000000)
  eden space 32768K, 0% used [0x00000000d6380000,0x00000000d6380000,0x00000000d8380000)
  from space 5120K, 79% used [0x00000000d8380000,0x00000000d8777148,0x00000000d8880000)
  to   space 5120K, 0% used [0x00000000d8880000,0x00000000d8880000,0x00000000d8d80000)
 ParOldGen       total 86016K, used 8K [0x0000000082a00000, 0x0000000087e00000, 0x00000000d6380000)
  object space 86016K, 0% used [0x0000000082a00000,0x0000000082a02000,0x0000000087e00000)
 Metaspace       used 7148K, capacity 7262K, committed 7296K, reserved 1060864K
  class space    used 851K, capacity 885K, committed 896K, reserved 1048576K
}
Event: 1.817 GC heap before
{Heap before GC invocations=2 (full 1):
 PSYoungGen      total 37888K, used 4060K [0x00000000d6380000, 0x00000000d8d80000, 0x0000000100000000)
  eden space 32768K, 0% used [0x00000000d6380000,0x00000000d6380000,0x00000000d8380000)
  from space 5120K, 79% used [0x00000000d8380000,0x00000000d8777148,0x00000000d8880000)
  to   space 5120K, 0% used [0x00000000d8880000,0x00000000d8880000,0x00000000d8d80000)
 ParOldGen       total 86016K, used 8K [0x0000000082a00000, 0x0000000087e00000, 0x00000000d6380000)
  object space 86016K, 0% used [0x0000000082a00000,0x0000000082a02000,0x0000000087e00000)
 Metaspace       used 7148K, capacity 7262K, committed 7296K, reserved 1060864K
  class space    used 851K, capacity 885K, committed 896K, reserved 1048576K
Event: 1.830 GC heap after
Heap after GC invocations=2 (full 1):
 PSYoungGen      total 37888K, used 0K [0x00000000d6380000, 0x00000000d8d80000, 0x0000000100000000)
  eden space 32768K, 0% used [0x00000000d6380000,0x00000000d6380000,0x00000000d8380000)
  from space 5120K, 0% used [0x00000000d8380000,0x00000000d8380000,0x00000000d8880000)
  to   space 5120K, 0% used [0x00000000d8880000,0x00000000d8880000,0x00000000d8d80000)
 ParOldGen       total 36864K, used 3750K [0x0000000082a00000, 0x0000000084e00000, 0x00000000d6380000)
  object space 36864K, 10% used [0x0000000082a00000,0x0000000082da9850,0x0000000084e00000)
 Metaspace       used 7148K, capacity 7262K, committed 7296K, reserved 1058816K
  class space    used 851K, capacity 885K, committed 896K, reserved 1048576K
}
Event: 2.244 GC heap before
{Heap before GC invocations=3 (full 1):
 PSYoungGen      total 37888K, used 32768K [0x00000000d6380000, 0x00000000d8d80000, 0x0000000100000000)
  eden space 32768K, 100% used [0x00000000d6380000,0x00000000d8380000,0x00000000d8380000)
  from space 5120K, 0% used [0x00000000d8380000,0x00000000d8380000,0x00000000d8880000)
  to   space 5120K, 0% used [0x00000000d8880000,0x00000000d8880000,0x00000000d8d80000)
 ParOldGen       total 36864K, used 3750K [0x0000000082a00000, 0x0000000084e00000, 0x00000000d6380000)
  object space 36864K, 10% used [0x0000000082a00000,0x0000000082da9850,0x0000000084e00000)
 Metaspace       used 10461K, capacity 10612K, committed 10880K, reserved 1060864K
  class space    used 1297K, capacity 1310K, committed 1408K, reserved 1048576K
Event: 2.248 GC heap after
Heap after GC invocations=3 (full 1):
 PSYoungGen      total 37888K, used 3565K [0x00000000d6380000, 0x00000000d9c80000, 0x0000000100000000)
  eden space 32768K, 0% used [0x00000000d6380000,0x00000000d6380000,0x00000000d8380000)
  from space 5120K, 69% used [0x00000000d8880000,0x00000000d8bfb798,0x00000000d8d80000)
  to   space 5120K, 0% used [0x00000000d8380000,0x00000000d8380000,0x00000000d8880000)
 ParOldGen       total 36864K, used 3758K [0x0000000082a00000, 0x0000000084e00000, 0x00000000d6380000)
  object space 36864K, 10% used [0x0000000082a00000,0x0000000082dab850,0x0000000084e00000)
 Metaspace       used 10461K, capacity 10612K, committed 10880K, reserved 1060864K
  class space    used 1297K, capacity 1310K, committed 1408K, reserved 1048576K
}

